{"C:\\Users\\Administrator\\Desktop\\mini-vue3\\src\\reactivity\\effect.ts": {"path":"C:\\Users\\Administrator\\Desktop\\mini-vue3\\src\\reactivity\\effect.ts","statementMap":{"0":{"start":{"line":9,"column":19},"end":{"line":9,"column":23}},"1":{"start":{"line":10,"column":9},"end":{"line":10,"column":11}},"2":{"start":{"line":14,"column":4},"end":{"line":14,"column":18}},"3":{"start":{"line":18,"column":4},"end":{"line":18,"column":24}},"4":{"start":{"line":21,"column":4},"end":{"line":23,"column":5}},"5":{"start":{"line":22,"column":6},"end":{"line":22,"column":24}},"6":{"start":{"line":25,"column":4},"end":{"line":25,"column":22}},"7":{"start":{"line":26,"column":4},"end":{"line":26,"column":23}},"8":{"start":{"line":27,"column":16},"end":{"line":27,"column":26}},"9":{"start":{"line":28,"column":4},"end":{"line":28,"column":23}},"10":{"start":{"line":29,"column":4},"end":{"line":29,"column":15}},"11":{"start":{"line":33,"column":4},"end":{"line":39,"column":5}},"12":{"start":{"line":34,"column":8},"end":{"line":34,"column":27}},"13":{"start":{"line":35,"column":8},"end":{"line":37,"column":9}},"14":{"start":{"line":36,"column":10},"end":{"line":36,"column":23}},"15":{"start":{"line":38,"column":8},"end":{"line":38,"column":27}},"16":{"start":{"line":44,"column":4},"end":{"line":46,"column":6}},"17":{"start":{"line":45,"column":8},"end":{"line":45,"column":26}},"18":{"start":{"line":49,"column":18},"end":{"line":49,"column":27}},"19":{"start":{"line":51,"column":2},"end":{"line":51,"column":26}},"20":{"start":{"line":51,"column":20},"end":{"line":51,"column":26}},"21":{"start":{"line":53,"column":16},"end":{"line":53,"column":37}},"22":{"start":{"line":54,"column":2},"end":{"line":57,"column":3}},"23":{"start":{"line":55,"column":4},"end":{"line":55,"column":24}},"24":{"start":{"line":56,"column":4},"end":{"line":56,"column":35}},"25":{"start":{"line":59,"column":12},"end":{"line":59,"column":28}},"26":{"start":{"line":60,"column":2},"end":{"line":63,"column":3}},"27":{"start":{"line":61,"column":4},"end":{"line":61,"column":20}},"28":{"start":{"line":62,"column":4},"end":{"line":62,"column":26}},"29":{"start":{"line":65,"column":2},"end":{"line":65,"column":18}},"30":{"start":{"line":69,"column":2},"end":{"line":69,"column":34}},"31":{"start":{"line":69,"column":28},"end":{"line":69,"column":34}},"32":{"start":{"line":71,"column":2},"end":{"line":71,"column":24}},"33":{"start":{"line":72,"column":2},"end":{"line":72,"column":30}},"34":{"start":{"line":76,"column":2},"end":{"line":76,"column":50}},"35":{"start":{"line":80,"column":18},"end":{"line":80,"column":39}},"36":{"start":{"line":81,"column":14},"end":{"line":81,"column":30}},"37":{"start":{"line":83,"column":2},"end":{"line":83,"column":21}},"38":{"start":{"line":87,"column":2},"end":{"line":93,"column":3}},"39":{"start":{"line":88,"column":4},"end":{"line":92,"column":5}},"40":{"start":{"line":89,"column":6},"end":{"line":89,"column":25}},"41":{"start":{"line":91,"column":6},"end":{"line":91,"column":19}},"42":{"start":{"line":97,"column":18},"end":{"line":97,"column":59}},"43":{"start":{"line":98,"column":2},"end":{"line":98,"column":26}},"44":{"start":{"line":99,"column":2},"end":{"line":99,"column":16}},"45":{"start":{"line":101,"column":22},"end":{"line":101,"column":47}},"46":{"start":{"line":103,"column":2},"end":{"line":103,"column":26}},"47":{"start":{"line":104,"column":2},"end":{"line":104,"column":16}},"48":{"start":{"line":108,"column":2},"end":{"line":108,"column":23}}},"fnMap":{"0":{"name":"(anonymous_0)","decl":{"start":{"line":13,"column":2},"end":{"line":13,"column":3}},"loc":{"start":{"line":13,"column":36},"end":{"line":15,"column":3}},"line":13},"1":{"name":"(anonymous_1)","decl":{"start":{"line":17,"column":2},"end":{"line":17,"column":3}},"loc":{"start":{"line":17,"column":8},"end":{"line":30,"column":3}},"line":17},"2":{"name":"(anonymous_2)","decl":{"start":{"line":32,"column":2},"end":{"line":32,"column":3}},"loc":{"start":{"line":32,"column":9},"end":{"line":40,"column":3}},"line":32},"3":{"name":"cleanupEffect","decl":{"start":{"line":43,"column":9},"end":{"line":43,"column":22}},"loc":{"start":{"line":43,"column":31},"end":{"line":47,"column":1}},"line":43},"4":{"name":"(anonymous_4)","decl":{"start":{"line":44,"column":24},"end":{"line":44,"column":25}},"loc":{"start":{"line":44,"column":36},"end":{"line":46,"column":5}},"line":44},"5":{"name":"track","decl":{"start":{"line":50,"column":16},"end":{"line":50,"column":21}},"loc":{"start":{"line":50,"column":35},"end":{"line":66,"column":1}},"line":50},"6":{"name":"trackEffect","decl":{"start":{"line":68,"column":16},"end":{"line":68,"column":27}},"loc":{"start":{"line":68,"column":32},"end":{"line":73,"column":1}},"line":68},"7":{"name":"isTracking","decl":{"start":{"line":75,"column":16},"end":{"line":75,"column":26}},"loc":{"start":{"line":75,"column":28},"end":{"line":77,"column":1}},"line":75},"8":{"name":"trigger","decl":{"start":{"line":79,"column":16},"end":{"line":79,"column":23}},"loc":{"start":{"line":79,"column":37},"end":{"line":84,"column":1}},"line":79},"9":{"name":"triggerEffects","decl":{"start":{"line":86,"column":16},"end":{"line":86,"column":30}},"loc":{"start":{"line":86,"column":35},"end":{"line":94,"column":1}},"line":86},"10":{"name":"effect","decl":{"start":{"line":96,"column":16},"end":{"line":96,"column":22}},"loc":{"start":{"line":96,"column":46},"end":{"line":105,"column":1}},"line":96},"11":{"name":"stop","decl":{"start":{"line":107,"column":16},"end":{"line":107,"column":20}},"loc":{"start":{"line":107,"column":29},"end":{"line":109,"column":1}},"line":107}},"branchMap":{"0":{"loc":{"start":{"line":21,"column":4},"end":{"line":23,"column":5}},"type":"if","locations":[{"start":{"line":21,"column":4},"end":{"line":23,"column":5}},{"start":{},"end":{}}],"line":21},"1":{"loc":{"start":{"line":33,"column":4},"end":{"line":39,"column":5}},"type":"if","locations":[{"start":{"line":33,"column":4},"end":{"line":39,"column":5}},{"start":{},"end":{}}],"line":33},"2":{"loc":{"start":{"line":35,"column":8},"end":{"line":37,"column":9}},"type":"if","locations":[{"start":{"line":35,"column":8},"end":{"line":37,"column":9}},{"start":{},"end":{}}],"line":35},"3":{"loc":{"start":{"line":51,"column":2},"end":{"line":51,"column":26}},"type":"if","locations":[{"start":{"line":51,"column":2},"end":{"line":51,"column":26}},{"start":{},"end":{}}],"line":51},"4":{"loc":{"start":{"line":54,"column":2},"end":{"line":57,"column":3}},"type":"if","locations":[{"start":{"line":54,"column":2},"end":{"line":57,"column":3}},{"start":{},"end":{}}],"line":54},"5":{"loc":{"start":{"line":60,"column":2},"end":{"line":63,"column":3}},"type":"if","locations":[{"start":{"line":60,"column":2},"end":{"line":63,"column":3}},{"start":{},"end":{}}],"line":60},"6":{"loc":{"start":{"line":69,"column":2},"end":{"line":69,"column":34}},"type":"if","locations":[{"start":{"line":69,"column":2},"end":{"line":69,"column":34}},{"start":{},"end":{}}],"line":69},"7":{"loc":{"start":{"line":76,"column":9},"end":{"line":76,"column":50}},"type":"binary-expr","locations":[{"start":{"line":76,"column":9},"end":{"line":76,"column":20}},{"start":{"line":76,"column":24},"end":{"line":76,"column":50}}],"line":76},"8":{"loc":{"start":{"line":88,"column":4},"end":{"line":92,"column":5}},"type":"if","locations":[{"start":{"line":88,"column":4},"end":{"line":92,"column":5}},{"start":{"line":90,"column":11},"end":{"line":92,"column":5}}],"line":88},"9":{"loc":{"start":{"line":96,"column":27},"end":{"line":96,"column":44}},"type":"default-arg","locations":[{"start":{"line":96,"column":42},"end":{"line":96,"column":44}}],"line":96}},"s":{"0":1,"1":1,"2":1,"3":1,"4":1,"5":0,"6":1,"7":1,"8":1,"9":1,"10":1,"11":0,"12":0,"13":0,"14":0,"15":0,"16":0,"17":0,"18":1,"19":0,"20":0,"21":0,"22":0,"23":0,"24":0,"25":0,"26":0,"27":0,"28":0,"29":0,"30":2,"31":1,"32":1,"33":1,"34":1,"35":0,"36":0,"37":0,"38":0,"39":0,"40":0,"41":0,"42":1,"43":1,"44":1,"45":1,"46":1,"47":1,"48":0},"f":{"0":1,"1":1,"2":0,"3":0,"4":0,"5":0,"6":2,"7":1,"8":0,"9":0,"10":1,"11":0},"b":{"0":[0,1],"1":[0,0],"2":[0,0],"3":[0,0],"4":[0,0],"5":[0,0],"6":[1,1],"7":[1,1],"8":[0,0],"9":[1]},"_coverageSchema":"1a1c01bbd47fc00a2c39e90264f33305004495a9","hash":"e6fb8c16f74898a3dd201d43bde72db93adeeee4"}
,"C:\\Users\\Administrator\\Desktop\\mini-vue3\\src\\reactivity\\ref.ts": {"path":"C:\\Users\\Administrator\\Desktop\\mini-vue3\\src\\reactivity\\ref.ts","statementMap":{"0":{"start":{"line":7,"column":8},"end":{"line":7,"column":27}},"1":{"start":{"line":8,"column":8},"end":{"line":8,"column":28}},"2":{"start":{"line":12,"column":8},"end":{"line":14,"column":9}},"3":{"start":{"line":13,"column":12},"end":{"line":13,"column":33}},"4":{"start":{"line":15,"column":8},"end":{"line":15,"column":26}},"5":{"start":{"line":19,"column":8},"end":{"line":19,"column":27}},"6":{"start":{"line":20,"column":8},"end":{"line":20,"column":29}},"7":{"start":{"line":25,"column":4},"end":{"line":25,"column":29}}},"fnMap":{"0":{"name":"(anonymous_0)","decl":{"start":{"line":6,"column":4},"end":{"line":6,"column":5}},"loc":{"start":{"line":6,"column":23},"end":{"line":9,"column":5}},"line":6},"1":{"name":"(anonymous_1)","decl":{"start":{"line":11,"column":4},"end":{"line":11,"column":5}},"loc":{"start":{"line":11,"column":15},"end":{"line":16,"column":5}},"line":11},"2":{"name":"(anonymous_2)","decl":{"start":{"line":18,"column":4},"end":{"line":18,"column":5}},"loc":{"start":{"line":18,"column":20},"end":{"line":21,"column":5}},"line":18},"3":{"name":"ref","decl":{"start":{"line":24,"column":16},"end":{"line":24,"column":19}},"loc":{"start":{"line":24,"column":26},"end":{"line":26,"column":1}},"line":24}},"branchMap":{"0":{"loc":{"start":{"line":12,"column":8},"end":{"line":14,"column":9}},"type":"if","locations":[{"start":{"line":12,"column":8},"end":{"line":14,"column":9}},{"start":{},"end":{}}],"line":12}},"s":{"0":1,"1":1,"2":1,"3":1,"4":1,"5":1,"6":1,"7":1},"f":{"0":1,"1":1,"2":1,"3":1},"b":{"0":[1,0]},"_coverageSchema":"1a1c01bbd47fc00a2c39e90264f33305004495a9","hash":"6ccd27dadf896d32b4456673bff23258867a3b7a"}
,"C:\\Users\\Administrator\\Desktop\\mini-vue3\\src\\shared\\index.ts": {"path":"C:\\Users\\Administrator\\Desktop\\mini-vue3\\src\\shared\\index.ts","statementMap":{"0":{"start":{"line":1,"column":22},"end":{"line":1,"column":35}},"1":{"start":{"line":3,"column":24},"end":{"line":5,"column":1}},"2":{"start":{"line":4,"column":4},"end":{"line":4,"column":50}}},"fnMap":{"0":{"name":"(anonymous_0)","decl":{"start":{"line":3,"column":24},"end":{"line":3,"column":25}},"loc":{"start":{"line":3,"column":33},"end":{"line":5,"column":1}},"line":3}},"branchMap":{"0":{"loc":{"start":{"line":4,"column":11},"end":{"line":4,"column":50}},"type":"binary-expr","locations":[{"start":{"line":4,"column":11},"end":{"line":4,"column":23}},{"start":{"line":4,"column":27},"end":{"line":4,"column":50}}],"line":4}},"s":{"0":1,"1":1,"2":0},"f":{"0":0},"b":{"0":[0,0]},"_coverageSchema":"1a1c01bbd47fc00a2c39e90264f33305004495a9","hash":"f0c025e26efaac5fe591a31bf82b9c95d7a0e3c0"}
}
