TN:
SF:src\reactivity\effect.ts
FN:13,(anonymous_0)
FN:17,(anonymous_1)
FN:32,(anonymous_2)
FN:43,cleanupEffect
FN:44,(anonymous_4)
FN:50,track
FN:68,trackEffect
FN:75,isTracking
FN:79,trigger
FN:86,triggerEffects
FN:96,effect
FN:107,stop
FNF:12
FNH:5
FNDA:1,(anonymous_0)
FNDA:1,(anonymous_1)
FNDA:0,(anonymous_2)
FNDA:0,cleanupEffect
FNDA:0,(anonymous_4)
FNDA:0,track
FNDA:2,trackEffect
FNDA:1,isTracking
FNDA:0,trigger
FNDA:0,triggerEffects
FNDA:1,effect
FNDA:0,stop
DA:9,1
DA:10,1
DA:14,1
DA:18,1
DA:21,1
DA:22,0
DA:25,1
DA:26,1
DA:27,1
DA:28,1
DA:29,1
DA:33,0
DA:34,0
DA:35,0
DA:36,0
DA:38,0
DA:44,0
DA:45,0
DA:49,1
DA:51,0
DA:53,0
DA:54,0
DA:55,0
DA:56,0
DA:59,0
DA:60,0
DA:61,0
DA:62,0
DA:65,0
DA:69,2
DA:71,1
DA:72,1
DA:76,1
DA:80,0
DA:81,0
DA:83,0
DA:87,0
DA:88,0
DA:89,0
DA:91,0
DA:97,1
DA:98,1
DA:99,1
DA:101,1
DA:103,1
DA:104,1
DA:108,0
LF:47
LH:21
BRDA:21,0,0,0
BRDA:21,0,1,1
BRDA:33,1,0,0
BRDA:33,1,1,0
BRDA:35,2,0,0
BRDA:35,2,1,0
BRDA:51,3,0,0
BRDA:51,3,1,0
BRDA:54,4,0,0
BRDA:54,4,1,0
BRDA:60,5,0,0
BRDA:60,5,1,0
BRDA:69,6,0,1
BRDA:69,6,1,1
BRDA:76,7,0,1
BRDA:76,7,1,1
BRDA:88,8,0,0
BRDA:88,8,1,0
BRDA:96,9,0,1
BRF:19
BRH:6
end_of_record
TN:
SF:src\reactivity\ref.ts
FN:6,(anonymous_0)
FN:11,(anonymous_1)
FN:18,(anonymous_2)
FN:24,ref
FNF:4
FNH:4
FNDA:1,(anonymous_0)
FNDA:1,(anonymous_1)
FNDA:1,(anonymous_2)
FNDA:1,ref
DA:7,1
DA:8,1
DA:12,1
DA:13,1
DA:15,1
DA:19,1
DA:20,1
DA:25,1
LF:8
LH:8
BRDA:12,0,0,1
BRDA:12,0,1,0
BRF:2
BRH:1
end_of_record
TN:
SF:src\shared\index.ts
FN:3,(anonymous_0)
FNF:1
FNH:0
FNDA:0,(anonymous_0)
DA:1,1
DA:3,1
DA:4,0
LF:3
LH:2
BRDA:4,0,0,0
BRDA:4,0,1,0
BRF:2
BRH:0
end_of_record
